 # [1] Det. INDEX | [2] Up-Spin Det. INDEX | [3] Down-Spin Det. INDEX | [4] GS-WFC CI Coeff.


                 1                        1                          1          -0.09107161
                 2                        1                          2          -0.00000000
                 3                        1                          3          -0.15546896
                 4                        1                          4           0.15546896
                 5                        1                          5          -0.00000000
                 6                        1                          6          -0.21986631
                 7                        2                          1           0.00000000
                 8                        2                          2           0.09107161
                 9                        2                          3           0.15546896
                10                        2                          4           0.15546896
                11                        2                          5           0.21986631
                12                        2                          6           0.00000000
                13                        3                          1          -0.15546896
                14                        3                          2           0.15546896
                15                        3                          3          -0.00000000
                16                        3                          4           0.43973261
                17                        3                          5           0.15546896
                18                        3                          6          -0.15546896
                19                        4                          1           0.15546896
                20                        4                          2           0.15546896
                21                        4                          3           0.43973261
                22                        4                          4          -0.00000000
                23                        4                          5           0.15546896
                24                        4                          6           0.15546896
                25                        5                          1           0.00000000
                26                        5                          2           0.21986631
                27                        5                          3           0.15546896
                28                        5                          4           0.15546896
                29                        5                          5           0.09107161
                30                        5                          6           0.00000000
                31                        6                          1          -0.21986631
                32                        6                          2          -0.00000000
                33                        6                          3          -0.15546896
                34                        6                          4           0.15546896
                35                        6                          5          -0.00000000
                36                        6                          6          -0.09107161
