---- 2-DIMENSIONAL FERMI-HUBBARD MODEL IN REAL-SPACE ----

---- SYSTEM PROPERTIES ----------------------------------

- System Type                     : BULK
- XY Periodic Boundary Conditions (PBC)

- Total Number of Sites (Ns)      :    4
- Lattice Geometry [x,y]          :  2 2

- Lattice Parameters              :
   A1o   =   1.000
   A2o   =   1.000

- Lattice Vectors                 :
   a1[1] =   1.000, a1[2] =  0.000
   a2[1] =   0.000, a2[2] =  1.000

- Reciprocal Lattice Vectors      :
   b1[1] =   6.283, b1[2] =  0.000
   b2[1] =   0.000, b2[2] =  6.283

- Total Number of Electrons (N)   :    4
- Number of Up-Electrons   (Nu)   :    2
- Number of Down-Electrons (Nd)   :    2

- Dimension of Hilbert Space      :   36
- Dimension of Spin-Up Subspace   :    6
- Dimension of Spin-Down Subspace :    6

- Hopping Parameter   (t)         :   1.0
- On-Site Interaction (U)         :   4.0

---------------------------------------------------------

---- CONNECTIVITY MATRIX --------------------------------

 0 2 2 0
 2 0 0 2
 2 0 0 2
 0 2 2 0

---------------------------------------------------------

---- DETERMINANTAL MATRICES -----------------------------

----  UP-SPIN SUBSPACE  ----

 1 1 1 0 0 0
 1 0 0 1 1 0
 0 1 0 1 0 1
 0 0 1 0 1 1

---- DOWN-SPIN SUBSPACE ----

 1 1 1 0 0 0
 1 0 0 1 1 0
 0 1 0 1 0 1
 0 0 1 0 1 1

---------------------------------------------------------

---- HOPPING MAP MATRICES -------------------------------

----  UP-SPIN SUBSPACE  ----

 0 0 2-2 0 0
 0 0 2 2 0 0
 2 2 0 0 2 2
-2 2 0 0 2-2
 0 0 2 2 0 0
 0 0 2-2 0 0

---- DOWN-SPIN SUBSPACE ----

 0 0 2-2 0 0
 0 0 2 2 0 0
 2 2 0 0 2 2
-2 2 0 0 2-2
 0 0 2 2 0 0
 0 0 2-2 0 0

---------------------------------------------------------

---- DOUBLE OCCUPANCY DETERMINANT MAP -------------------

 1 1 1 0 0 0 1 1 1 0 0 0 1 1 1 0 0 0 0 0 0 0 0 0 0 0 0 0 0 0 0 0 0 0 0 0
 1 0 0 1 1 0 0 0 0 0 0 0 0 0 0 0 0 0 1 0 0 1 1 0 1 0 0 1 1 0 0 0 0 0 0 0
 0 0 0 0 0 0 0 1 0 1 0 1 0 0 0 0 0 0 0 1 0 1 0 1 0 0 0 0 0 0 0 1 0 1 0 1
 0 0 0 0 0 0 0 0 0 0 0 0 0 0 1 0 1 1 0 0 0 0 0 0 0 0 1 0 1 1 0 0 1 0 1 1

---------------------------------------------------------

---- REAL-SPACE BASIS HAMILTONIAN MATRIX ----------------

  8.00 -0.00 -2.00  2.00 -0.00 -0.00 -0.00 -0.00 -0.00 -0.00 -0.00 -0.00 -2.00 -0.00 -0.00 -0.00 -0.00 -0.00  2.00 -0.00 -0.00 -0.00 -0.00 -0.00 -0.00 -0.00 -0.00 -0.00 -0.00 -0.00 -0.00 -0.00 -0.00 -0.00 -0.00 -0.00
 -0.00  4.00 -2.00 -2.00 -0.00 -0.00 -0.00 -0.00 -0.00 -0.00 -0.00 -0.00 -0.00 -2.00 -0.00 -0.00 -0.00 -0.00 -0.00  2.00 -0.00 -0.00 -0.00 -0.00 -0.00 -0.00 -0.00 -0.00 -0.00 -0.00 -0.00 -0.00 -0.00 -0.00 -0.00 -0.00
 -2.00 -2.00  4.00 -0.00 -2.00 -2.00 -0.00 -0.00 -0.00 -0.00 -0.00 -0.00 -0.00 -0.00 -2.00 -0.00 -0.00 -0.00 -0.00 -0.00  2.00 -0.00 -0.00 -0.00 -0.00 -0.00 -0.00 -0.00 -0.00 -0.00 -0.00 -0.00 -0.00 -0.00 -0.00 -0.00
  2.00 -2.00 -0.00  4.00 -2.00  2.00 -0.00 -0.00 -0.00 -0.00 -0.00 -0.00 -0.00 -0.00 -0.00 -2.00 -0.00 -0.00 -0.00 -0.00 -0.00  2.00 -0.00 -0.00 -0.00 -0.00 -0.00 -0.00 -0.00 -0.00 -0.00 -0.00 -0.00 -0.00 -0.00 -0.00
 -0.00 -0.00 -2.00 -2.00  4.00 -0.00 -0.00 -0.00 -0.00 -0.00 -0.00 -0.00 -0.00 -0.00 -0.00 -0.00 -2.00 -0.00 -0.00 -0.00 -0.00 -0.00  2.00 -0.00 -0.00 -0.00 -0.00 -0.00 -0.00 -0.00 -0.00 -0.00 -0.00 -0.00 -0.00 -0.00
 -0.00 -0.00 -2.00  2.00 -0.00  0.00 -0.00 -0.00 -0.00 -0.00 -0.00 -0.00 -0.00 -0.00 -0.00 -0.00 -0.00 -2.00 -0.00 -0.00 -0.00 -0.00 -0.00  2.00 -0.00 -0.00 -0.00 -0.00 -0.00 -0.00 -0.00 -0.00 -0.00 -0.00 -0.00 -0.00
 -0.00 -0.00 -0.00 -0.00 -0.00 -0.00  4.00 -0.00 -2.00  2.00 -0.00 -0.00 -2.00 -0.00 -0.00 -0.00 -0.00 -0.00 -2.00 -0.00 -0.00 -0.00 -0.00 -0.00 -0.00 -0.00 -0.00 -0.00 -0.00 -0.00 -0.00 -0.00 -0.00 -0.00 -0.00 -0.00
 -0.00 -0.00 -0.00 -0.00 -0.00 -0.00 -0.00  8.00 -2.00 -2.00 -0.00 -0.00 -0.00 -2.00 -0.00 -0.00 -0.00 -0.00 -0.00 -2.00 -0.00 -0.00 -0.00 -0.00 -0.00 -0.00 -0.00 -0.00 -0.00 -0.00 -0.00 -0.00 -0.00 -0.00 -0.00 -0.00
 -0.00 -0.00 -0.00 -0.00 -0.00 -0.00 -2.00 -2.00  4.00 -0.00 -2.00 -2.00 -0.00 -0.00 -2.00 -0.00 -0.00 -0.00 -0.00 -0.00 -2.00 -0.00 -0.00 -0.00 -0.00 -0.00 -0.00 -0.00 -0.00 -0.00 -0.00 -0.00 -0.00 -0.00 -0.00 -0.00
 -0.00 -0.00 -0.00 -0.00 -0.00 -0.00  2.00 -2.00 -0.00  4.00 -2.00  2.00 -0.00 -0.00 -0.00 -2.00 -0.00 -0.00 -0.00 -0.00 -0.00 -2.00 -0.00 -0.00 -0.00 -0.00 -0.00 -0.00 -0.00 -0.00 -0.00 -0.00 -0.00 -0.00 -0.00 -0.00
 -0.00 -0.00 -0.00 -0.00 -0.00 -0.00 -0.00 -0.00 -2.00 -2.00  0.00 -0.00 -0.00 -0.00 -0.00 -0.00 -2.00 -0.00 -0.00 -0.00 -0.00 -0.00 -2.00 -0.00 -0.00 -0.00 -0.00 -0.00 -0.00 -0.00 -0.00 -0.00 -0.00 -0.00 -0.00 -0.00
 -0.00 -0.00 -0.00 -0.00 -0.00 -0.00 -0.00 -0.00 -2.00  2.00 -0.00  4.00 -0.00 -0.00 -0.00 -0.00 -0.00 -2.00 -0.00 -0.00 -0.00 -0.00 -0.00 -2.00 -0.00 -0.00 -0.00 -0.00 -0.00 -0.00 -0.00 -0.00 -0.00 -0.00 -0.00 -0.00
 -2.00 -0.00 -0.00 -0.00 -0.00 -0.00 -2.00 -0.00 -0.00 -0.00 -0.00 -0.00  4.00 -0.00 -2.00  2.00 -0.00 -0.00 -0.00 -0.00 -0.00 -0.00 -0.00 -0.00 -2.00 -0.00 -0.00 -0.00 -0.00 -0.00 -2.00 -0.00 -0.00 -0.00 -0.00 -0.00
 -0.00 -2.00 -0.00 -0.00 -0.00 -0.00 -0.00 -2.00 -0.00 -0.00 -0.00 -0.00 -0.00  4.00 -2.00 -2.00 -0.00 -0.00 -0.00 -0.00 -0.00 -0.00 -0.00 -0.00 -0.00 -2.00 -0.00 -0.00 -0.00 -0.00 -0.00 -2.00 -0.00 -0.00 -0.00 -0.00
 -0.00 -0.00 -2.00 -0.00 -0.00 -0.00 -0.00 -0.00 -2.00 -0.00 -0.00 -0.00 -2.00 -2.00  8.00 -0.00 -2.00 -2.00 -0.00 -0.00 -0.00 -0.00 -0.00 -0.00 -0.00 -0.00 -2.00 -0.00 -0.00 -0.00 -0.00 -0.00 -2.00 -0.00 -0.00 -0.00
 -0.00 -0.00 -0.00 -2.00 -0.00 -0.00 -0.00 -0.00 -0.00 -2.00 -0.00 -0.00  2.00 -2.00 -0.00  0.00 -2.00  2.00 -0.00 -0.00 -0.00 -0.00 -0.00 -0.00 -0.00 -0.00 -0.00 -2.00 -0.00 -0.00 -0.00 -0.00 -0.00 -2.00 -0.00 -0.00
 -0.00 -0.00 -0.00 -0.00 -2.00 -0.00 -0.00 -0.00 -0.00 -0.00 -2.00 -0.00 -0.00 -0.00 -2.00 -2.00  4.00 -0.00 -0.00 -0.00 -0.00 -0.00 -0.00 -0.00 -0.00 -0.00 -0.00 -0.00 -2.00 -0.00 -0.00 -0.00 -0.00 -0.00 -2.00 -0.00
 -0.00 -0.00 -0.00 -0.00 -0.00 -2.00 -0.00 -0.00 -0.00 -0.00 -0.00 -2.00 -0.00 -0.00 -2.00  2.00 -0.00  4.00 -0.00 -0.00 -0.00 -0.00 -0.00 -0.00 -0.00 -0.00 -0.00 -0.00 -0.00 -2.00 -0.00 -0.00 -0.00 -0.00 -0.00 -2.00
  2.00 -0.00 -0.00 -0.00 -0.00 -0.00 -2.00 -0.00 -0.00 -0.00 -0.00 -0.00 -0.00 -0.00 -0.00 -0.00 -0.00 -0.00  4.00 -0.00 -2.00  2.00 -0.00 -0.00 -2.00 -0.00 -0.00 -0.00 -0.00 -0.00  2.00 -0.00 -0.00 -0.00 -0.00 -0.00
 -0.00  2.00 -0.00 -0.00 -0.00 -0.00 -0.00 -2.00 -0.00 -0.00 -0.00 -0.00 -0.00 -0.00 -0.00 -0.00 -0.00 -0.00 -0.00  4.00 -2.00 -2.00 -0.00 -0.00 -0.00 -2.00 -0.00 -0.00 -0.00 -0.00 -0.00  2.00 -0.00 -0.00 -0.00 -0.00
 -0.00 -0.00  2.00 -0.00 -0.00 -0.00 -0.00 -0.00 -2.00 -0.00 -0.00 -0.00 -0.00 -0.00 -0.00 -0.00 -0.00 -0.00 -2.00 -2.00  0.00 -0.00 -2.00 -2.00 -0.00 -0.00 -2.00 -0.00 -0.00 -0.00 -0.00 -0.00  2.00 -0.00 -0.00 -0.00
 -0.00 -0.00 -0.00  2.00 -0.00 -0.00 -0.00 -0.00 -0.00 -2.00 -0.00 -0.00 -0.00 -0.00 -0.00 -0.00 -0.00 -0.00  2.00 -2.00 -0.00  8.00 -2.00  2.00 -0.00 -0.00 -0.00 -2.00 -0.00 -0.00 -0.00 -0.00 -0.00  2.00 -0.00 -0.00
 -0.00 -0.00 -0.00 -0.00  2.00 -0.00 -0.00 -0.00 -0.00 -0.00 -2.00 -0.00 -0.00 -0.00 -0.00 -0.00 -0.00 -0.00 -0.00 -0.00 -2.00 -2.00  4.00 -0.00 -0.00 -0.00 -0.00 -0.00 -2.00 -0.00 -0.00 -0.00 -0.00 -0.00  2.00 -0.00
 -0.00 -0.00 -0.00 -0.00 -0.00  2.00 -0.00 -0.00 -0.00 -0.00 -0.00 -2.00 -0.00 -0.00 -0.00 -0.00 -0.00 -0.00 -0.00 -0.00 -2.00  2.00 -0.00  4.00 -0.00 -0.00 -0.00 -0.00 -0.00 -2.00 -0.00 -0.00 -0.00 -0.00 -0.00  2.00
 -0.00 -0.00 -0.00 -0.00 -0.00 -0.00 -0.00 -0.00 -0.00 -0.00 -0.00 -0.00 -2.00 -0.00 -0.00 -0.00 -0.00 -0.00 -2.00 -0.00 -0.00 -0.00 -0.00 -0.00  4.00 -0.00 -2.00  2.00 -0.00 -0.00 -0.00 -0.00 -0.00 -0.00 -0.00 -0.00
 -0.00 -0.00 -0.00 -0.00 -0.00 -0.00 -0.00 -0.00 -0.00 -0.00 -0.00 -0.00 -0.00 -2.00 -0.00 -0.00 -0.00 -0.00 -0.00 -2.00 -0.00 -0.00 -0.00 -0.00 -0.00  0.00 -2.00 -2.00 -0.00 -0.00 -0.00 -0.00 -0.00 -0.00 -0.00 -0.00
 -0.00 -0.00 -0.00 -0.00 -0.00 -0.00 -0.00 -0.00 -0.00 -0.00 -0.00 -0.00 -0.00 -0.00 -2.00 -0.00 -0.00 -0.00 -0.00 -0.00 -2.00 -0.00 -0.00 -0.00 -2.00 -2.00  4.00 -0.00 -2.00 -2.00 -0.00 -0.00 -0.00 -0.00 -0.00 -0.00
 -0.00 -0.00 -0.00 -0.00 -0.00 -0.00 -0.00 -0.00 -0.00 -0.00 -0.00 -0.00 -0.00 -0.00 -0.00 -2.00 -0.00 -0.00 -0.00 -0.00 -0.00 -2.00 -0.00 -0.00  2.00 -2.00 -0.00  4.00 -2.00  2.00 -0.00 -0.00 -0.00 -0.00 -0.00 -0.00
 -0.00 -0.00 -0.00 -0.00 -0.00 -0.00 -0.00 -0.00 -0.00 -0.00 -0.00 -0.00 -0.00 -0.00 -0.00 -0.00 -2.00 -0.00 -0.00 -0.00 -0.00 -0.00 -2.00 -0.00 -0.00 -0.00 -2.00 -2.00  8.00 -0.00 -0.00 -0.00 -0.00 -0.00 -0.00 -0.00
 -0.00 -0.00 -0.00 -0.00 -0.00 -0.00 -0.00 -0.00 -0.00 -0.00 -0.00 -0.00 -0.00 -0.00 -0.00 -0.00 -0.00 -2.00 -0.00 -0.00 -0.00 -0.00 -0.00 -2.00 -0.00 -0.00 -2.00  2.00 -0.00  4.00 -0.00 -0.00 -0.00 -0.00 -0.00 -0.00
 -0.00 -0.00 -0.00 -0.00 -0.00 -0.00 -0.00 -0.00 -0.00 -0.00 -0.00 -0.00 -2.00 -0.00 -0.00 -0.00 -0.00 -0.00  2.00 -0.00 -0.00 -0.00 -0.00 -0.00 -0.00 -0.00 -0.00 -0.00 -0.00 -0.00  0.00 -0.00 -2.00  2.00 -0.00 -0.00
 -0.00 -0.00 -0.00 -0.00 -0.00 -0.00 -0.00 -0.00 -0.00 -0.00 -0.00 -0.00 -0.00 -2.00 -0.00 -0.00 -0.00 -0.00 -0.00  2.00 -0.00 -0.00 -0.00 -0.00 -0.00 -0.00 -0.00 -0.00 -0.00 -0.00 -0.00  4.00 -2.00 -2.00 -0.00 -0.00
 -0.00 -0.00 -0.00 -0.00 -0.00 -0.00 -0.00 -0.00 -0.00 -0.00 -0.00 -0.00 -0.00 -0.00 -2.00 -0.00 -0.00 -0.00 -0.00 -0.00  2.00 -0.00 -0.00 -0.00 -0.00 -0.00 -0.00 -0.00 -0.00 -0.00 -2.00 -2.00  4.00 -0.00 -2.00 -2.00
 -0.00 -0.00 -0.00 -0.00 -0.00 -0.00 -0.00 -0.00 -0.00 -0.00 -0.00 -0.00 -0.00 -0.00 -0.00 -2.00 -0.00 -0.00 -0.00 -0.00 -0.00  2.00 -0.00 -0.00 -0.00 -0.00 -0.00 -0.00 -0.00 -0.00  2.00 -2.00 -0.00  4.00 -2.00  2.00
 -0.00 -0.00 -0.00 -0.00 -0.00 -0.00 -0.00 -0.00 -0.00 -0.00 -0.00 -0.00 -0.00 -0.00 -0.00 -0.00 -2.00 -0.00 -0.00 -0.00 -0.00 -0.00  2.00 -0.00 -0.00 -0.00 -0.00 -0.00 -0.00 -0.00 -0.00 -0.00 -2.00 -2.00  4.00 -0.00
 -0.00 -0.00 -0.00 -0.00 -0.00 -0.00 -0.00 -0.00 -0.00 -0.00 -0.00 -0.00 -0.00 -0.00 -0.00 -0.00 -0.00 -2.00 -0.00 -0.00 -0.00 -0.00 -0.00  2.00 -0.00 -0.00 -0.00 -0.00 -0.00 -0.00 -0.00 -0.00 -2.00  2.00 -0.00  8.00

---------------------------------------------------------

---- DIAGONALIZATION OF THE HAMILTONIAN MATRIX ----------

- Ground-State Energy [Eo] =  -5.6568542495
  [Degeneracy:  1]
- Kinetic      Energy  [T] = -10.6318608395
- Interaction  Energy  [V] =   4.9750065900

- Ground-State Wave Function [CI Expansion]
  [Non-zero-amplitude Determinants]
  [I] [Iup,Idown] C x { |Spin-Up| (x) |Spin-Down| }

[   1] [  1,  1]   -0.09107   | 1100 | (x) | 1100 |
[   3] [  1,  3]   -0.15547   | 1100 | (x) | 1001 |
[   4] [  1,  4]    0.15547   | 1100 | (x) | 0110 |
[   6] [  1,  6]   -0.21987   | 1100 | (x) | 0011 |
[   8] [  2,  2]    0.09107   | 1010 | (x) | 1010 |
[   9] [  2,  3]    0.15547   | 1010 | (x) | 1001 |
[  10] [  2,  4]    0.15547   | 1010 | (x) | 0110 |
[  11] [  2,  5]    0.21987   | 1010 | (x) | 0101 |
[  13] [  3,  1]   -0.15547   | 1001 | (x) | 1100 |
[  14] [  3,  2]    0.15547   | 1001 | (x) | 1010 |
[  16] [  3,  4]    0.43973   | 1001 | (x) | 0110 |
[  17] [  3,  5]    0.15547   | 1001 | (x) | 0101 |
[  18] [  3,  6]   -0.15547   | 1001 | (x) | 0011 |
[  19] [  4,  1]    0.15547   | 0110 | (x) | 1100 |
[  20] [  4,  2]    0.15547   | 0110 | (x) | 1010 |
[  21] [  4,  3]    0.43973   | 0110 | (x) | 1001 |
[  23] [  4,  5]    0.15547   | 0110 | (x) | 0101 |
[  24] [  4,  6]    0.15547   | 0110 | (x) | 0011 |
[  26] [  5,  2]    0.21987   | 0101 | (x) | 1010 |
[  27] [  5,  3]    0.15547   | 0101 | (x) | 1001 |
[  28] [  5,  4]    0.15547   | 0101 | (x) | 0110 |
[  29] [  5,  5]    0.09107   | 0101 | (x) | 0101 |
[  31] [  6,  1]   -0.21987   | 0011 | (x) | 1100 |
[  33] [  6,  3]   -0.15547   | 0011 | (x) | 1001 |
[  34] [  6,  4]    0.15547   | 0011 | (x) | 0110 |
[  36] [  6,  6]   -0.09107   | 0011 | (x) | 0011 |

  Total number of non-zero-amplitude Determinants :  26

- Ground-State Wave Function [CI Expansion]
  [Zero-amplitude Determinants]
  [I] [Iup,Idown] C x { |Spin-Up| (x) |Spin-Down| }

[   2] [  1,  2]   -0.00000   | 1100 | (x) | 1010 |
[   5] [  1,  5]   -0.00000   | 1100 | (x) | 0101 |
[   7] [  2,  1]    0.00000   | 1010 | (x) | 1100 |
[  12] [  2,  6]    0.00000   | 1010 | (x) | 0011 |
[  15] [  3,  3]   -0.00000   | 1001 | (x) | 1001 |
[  22] [  4,  4]   -0.00000   | 0110 | (x) | 0110 |
[  25] [  5,  1]    0.00000   | 0101 | (x) | 1100 |
[  30] [  5,  6]    0.00000   | 0101 | (x) | 0011 |
[  32] [  6,  2]   -0.00000   | 0011 | (x) | 1010 |
[  35] [  6,  5]   -0.00000   | 0011 | (x) | 0101 |

  Total number of zero-amplitude Determinants (nodes):  10

---------------------------------------------------------

---- ESTIMATION OF THE SIGN-PROBLEM BY CI-VEC. NORM -----

- ||DC||2 [Ground-State] =   4.9750065900


---------------------------------------------------------
---------------------------------------------------------


----- 2-DIMENSIONAL FERMI-HUBBARD MODEL IN K-SPACE ------

---- SYSTEM PROPERTIES ----------------------------------

- Total Number of K-Points (Nk)    :    4

- Hopping Parameter   (t) for H[k] :   1.0
- On-Site Interaction (U) for H[k] :   4.0

---------------------------------------------------------

---- LIST OF (SORTED) K-POINTS [CARTESIAN COORD.] -------

  0.00  0.00  3.14  3.14
  0.00  3.14  0.00  3.14

---------------------------------------------------------

---- LIST OF (SORTED) K-POINTS ENERGIES -----------------

- Ek[  1 ] =  -4.0
- Ek[  2 ] =  -0.0
- Ek[  3 ] =  -0.0
- Ek[  4 ] =   4.0

---- K-SPACE DETERMINANTAL MATRICES ---------------------

----  UP-SPIN K-SUBSPACE ---

 1 1 1 0 0 0
 1 0 0 1 1 0
 0 1 0 1 0 1
 0 0 1 0 1 1

---- DOWN-SPIN K-SUBSPACE --

 1 1 1 0 0 0
 1 0 0 1 1 0
 0 1 0 1 0 1
 0 0 1 0 1 1

---------------------------------------------------------

---- K-SPACE BASIS HAMILTONIAN MATRIX -------------------

 -4.00  0.00  0.00  0.00  0.00  0.00  0.00  1.00  0.00  0.00 -1.00  0.00  0.00  0.00  1.00 -1.00  0.00  0.00  0.00  0.00 -1.00  1.00  0.00  0.00  0.00 -1.00  0.00  0.00  1.00  0.00  0.00  0.00  0.00  0.00  0.00  0.00
  0.00 -4.00  0.00  0.00  0.00  0.00  1.00  0.00  0.00  0.00  0.00 -1.00  0.00  0.00  0.00  0.00  0.00  0.00  0.00  0.00  0.00  0.00  0.00  0.00 -1.00  0.00  0.00  0.00  0.00  1.00  0.00  0.00  0.00  0.00  0.00  0.00
  0.00  0.00  0.00  0.00  0.00  0.00  0.00  0.00  0.00  0.00  0.00  0.00  1.00  0.00  0.00  0.00  0.00  1.00 -1.00  0.00  0.00  0.00  0.00 -1.00  0.00  0.00  0.00  0.00  0.00  0.00  0.00  0.00  0.00  0.00  0.00  0.00
  0.00  0.00  0.00  0.00  0.00  0.00  0.00  0.00  0.00  0.00  0.00  0.00 -1.00  0.00  0.00  0.00  0.00 -1.00  1.00  0.00  0.00  0.00  0.00  1.00  0.00  0.00  0.00  0.00  0.00  0.00  0.00  0.00  0.00  0.00  0.00  0.00
  0.00  0.00  0.00  0.00  4.00  0.00 -1.00  0.00  0.00  0.00  0.00  1.00  0.00  0.00  0.00  0.00  0.00  0.00  0.00  0.00  0.00  0.00  0.00  0.00  1.00  0.00  0.00  0.00  0.00 -1.00  0.00  0.00  0.00  0.00  0.00  0.00
  0.00  0.00  0.00  0.00  0.00  4.00  0.00 -1.00  0.00  0.00  1.00  0.00  0.00  0.00  1.00 -1.00  0.00  0.00  0.00  0.00 -1.00  1.00  0.00  0.00  0.00  1.00  0.00  0.00 -1.00  0.00  0.00  0.00  0.00  0.00  0.00  0.00
  0.00  1.00  0.00  0.00 -1.00  0.00 -4.00  0.00  0.00  0.00  0.00  0.00  0.00  0.00  0.00  0.00  0.00  0.00  0.00  0.00  0.00  0.00  0.00  0.00  0.00  0.00  0.00  0.00  0.00  0.00  0.00 -1.00  0.00  0.00  1.00  0.00
  1.00  0.00  0.00  0.00  0.00 -1.00  0.00 -4.00  0.00  0.00  0.00  0.00  0.00  0.00  1.00  1.00  0.00  0.00  0.00  0.00  1.00  1.00  0.00  0.00  0.00  0.00  0.00  0.00  0.00  0.00 -1.00  0.00  0.00  0.00  0.00  1.00
  0.00  0.00  0.00  0.00  0.00  0.00  0.00  0.00  0.00  0.00  0.00  0.00  0.00  1.00  0.00  0.00  1.00  0.00  0.00  1.00  0.00  0.00  1.00  0.00  0.00  0.00  0.00  0.00  0.00  0.00  0.00  0.00  0.00  0.00  0.00  0.00
  0.00  0.00  0.00  0.00  0.00  0.00  0.00  0.00  0.00  0.00  0.00  0.00  0.00  1.00  0.00  0.00  1.00  0.00  0.00  1.00  0.00  0.00  1.00  0.00  0.00  0.00  0.00  0.00  0.00  0.00  0.00  0.00  0.00  0.00  0.00  0.00
 -1.00  0.00  0.00  0.00  0.00  1.00  0.00  0.00  0.00  0.00  4.00  0.00  0.00  0.00  1.00  1.00  0.00  0.00  0.00  0.00  1.00  1.00  0.00  0.00  0.00  0.00  0.00  0.00  0.00  0.00  1.00  0.00  0.00  0.00  0.00 -1.00
  0.00 -1.00  0.00  0.00  1.00  0.00  0.00  0.00  0.00  0.00  0.00  4.00  0.00  0.00  0.00  0.00  0.00  0.00  0.00  0.00  0.00  0.00  0.00  0.00  0.00  0.00  0.00  0.00  0.00  0.00  0.00  1.00  0.00  0.00 -1.00  0.00
  0.00  0.00  1.00 -1.00  0.00  0.00  0.00  0.00  0.00  0.00  0.00  0.00  0.00  0.00  0.00  0.00  0.00  0.00  0.00  0.00  0.00  0.00  0.00  0.00  0.00  0.00  0.00  0.00  0.00  0.00  0.00  0.00  1.00 -1.00  0.00  0.00
  0.00  0.00  0.00  0.00  0.00  0.00  0.00  0.00  1.00  1.00  0.00  0.00  0.00  0.00  0.00  0.00  0.00  0.00  0.00  0.00  0.00  0.00  0.00  0.00  0.00  0.00  1.00  1.00  0.00  0.00  0.00  0.00  0.00  0.00  0.00  0.00
  1.00  0.00  0.00  0.00  0.00  1.00  0.00  1.00  0.00  0.00  1.00  0.00  0.00  0.00  4.00  0.00  0.00  0.00  0.00  0.00  0.00  0.00  0.00  0.00  0.00  1.00  0.00  0.00  1.00  0.00  1.00  0.00  0.00  0.00  0.00  1.00
 -1.00  0.00  0.00  0.00  0.00 -1.00  0.00  1.00  0.00  0.00  1.00  0.00  0.00  0.00  0.00  4.00  0.00  0.00  0.00  0.00  0.00  0.00  0.00  0.00  0.00  1.00  0.00  0.00  1.00  0.00 -1.00  0.00  0.00  0.00  0.00 -1.00
  0.00  0.00  0.00  0.00  0.00  0.00  0.00  0.00  1.00  1.00  0.00  0.00  0.00  0.00  0.00  0.00  8.00  0.00  0.00  0.00  0.00  0.00  0.00  0.00  0.00  0.00  1.00  1.00  0.00  0.00  0.00  0.00  0.00  0.00  0.00  0.00
  0.00  0.00  1.00 -1.00  0.00  0.00  0.00  0.00  0.00  0.00  0.00  0.00  0.00  0.00  0.00  0.00  0.00  8.00  0.00  0.00  0.00  0.00  0.00  0.00  0.00  0.00  0.00  0.00  0.00  0.00  0.00  0.00  1.00 -1.00  0.00  0.00
  0.00  0.00 -1.00  1.00  0.00  0.00  0.00  0.00  0.00  0.00  0.00  0.00  0.00  0.00  0.00  0.00  0.00  0.00  0.00  0.00  0.00  0.00  0.00  0.00  0.00  0.00  0.00  0.00  0.00  0.00  0.00  0.00 -1.00  1.00  0.00  0.00
  0.00  0.00  0.00  0.00  0.00  0.00  0.00  0.00  1.00  1.00  0.00  0.00  0.00  0.00  0.00  0.00  0.00  0.00  0.00  0.00  0.00  0.00  0.00  0.00  0.00  0.00  1.00  1.00  0.00  0.00  0.00  0.00  0.00  0.00  0.00  0.00
 -1.00  0.00  0.00  0.00  0.00 -1.00  0.00  1.00  0.00  0.00  1.00  0.00  0.00  0.00  0.00  0.00  0.00  0.00  0.00  0.00  4.00  0.00  0.00  0.00  0.00  1.00  0.00  0.00  1.00  0.00 -1.00  0.00  0.00  0.00  0.00 -1.00
  1.00  0.00  0.00  0.00  0.00  1.00  0.00  1.00  0.00  0.00  1.00  0.00  0.00  0.00  0.00  0.00  0.00  0.00  0.00  0.00  0.00  4.00  0.00  0.00  0.00  1.00  0.00  0.00  1.00  0.00  1.00  0.00  0.00  0.00  0.00  1.00
  0.00  0.00  0.00  0.00  0.00  0.00  0.00  0.00  1.00  1.00  0.00  0.00  0.00  0.00  0.00  0.00  0.00  0.00  0.00  0.00  0.00  0.00  8.00  0.00  0.00  0.00  1.00  1.00  0.00  0.00  0.00  0.00  0.00  0.00  0.00  0.00
  0.00  0.00 -1.00  1.00  0.00  0.00  0.00  0.00  0.00  0.00  0.00  0.00  0.00  0.00  0.00  0.00  0.00  0.00  0.00  0.00  0.00  0.00  0.00  8.00  0.00  0.00  0.00  0.00  0.00  0.00  0.00  0.00 -1.00  1.00  0.00  0.00
  0.00 -1.00  0.00  0.00  1.00  0.00  0.00  0.00  0.00  0.00  0.00  0.00  0.00  0.00  0.00  0.00  0.00  0.00  0.00  0.00  0.00  0.00  0.00  0.00  4.00  0.00  0.00  0.00  0.00  0.00  0.00  1.00  0.00  0.00 -1.00  0.00
 -1.00  0.00  0.00  0.00  0.00  1.00  0.00  0.00  0.00  0.00  0.00  0.00  0.00  0.00  1.00  1.00  0.00  0.00  0.00  0.00  1.00  1.00  0.00  0.00  0.00  4.00  0.00  0.00  0.00  0.00  1.00  0.00  0.00  0.00  0.00 -1.00
  0.00  0.00  0.00  0.00  0.00  0.00  0.00  0.00  0.00  0.00  0.00  0.00  0.00  1.00  0.00  0.00  1.00  0.00  0.00  1.00  0.00  0.00  1.00  0.00  0.00  0.00  8.00  0.00  0.00  0.00  0.00  0.00  0.00  0.00  0.00  0.00
  0.00  0.00  0.00  0.00  0.00  0.00  0.00  0.00  0.00  0.00  0.00  0.00  0.00  1.00  0.00  0.00  1.00  0.00  0.00  1.00  0.00  0.00  1.00  0.00  0.00  0.00  0.00  8.00  0.00  0.00  0.00  0.00  0.00  0.00  0.00  0.00
  1.00  0.00  0.00  0.00  0.00 -1.00  0.00  0.00  0.00  0.00  0.00  0.00  0.00  0.00  1.00  1.00  0.00  0.00  0.00  0.00  1.00  1.00  0.00  0.00  0.00  0.00  0.00  0.00 12.00  0.00 -1.00  0.00  0.00  0.00  0.00  1.00
  0.00  1.00  0.00  0.00 -1.00  0.00  0.00  0.00  0.00  0.00  0.00  0.00  0.00  0.00  0.00  0.00  0.00  0.00  0.00  0.00  0.00  0.00  0.00  0.00  0.00  0.00  0.00  0.00  0.00 12.00  0.00 -1.00  0.00  0.00  1.00  0.00
  0.00  0.00  0.00  0.00  0.00  0.00  0.00 -1.00  0.00  0.00  1.00  0.00  0.00  0.00  1.00 -1.00  0.00  0.00  0.00  0.00 -1.00  1.00  0.00  0.00  0.00  1.00  0.00  0.00 -1.00  0.00  4.00  0.00  0.00  0.00  0.00  0.00
  0.00  0.00  0.00  0.00  0.00  0.00 -1.00  0.00  0.00  0.00  0.00  1.00  0.00  0.00  0.00  0.00  0.00  0.00  0.00  0.00  0.00  0.00  0.00  0.00  1.00  0.00  0.00  0.00  0.00 -1.00  0.00  4.00  0.00  0.00  0.00  0.00
  0.00  0.00  0.00  0.00  0.00  0.00  0.00  0.00  0.00  0.00  0.00  0.00  1.00  0.00  0.00  0.00  0.00  1.00 -1.00  0.00  0.00  0.00  0.00 -1.00  0.00  0.00  0.00  0.00  0.00  0.00  0.00  0.00  8.00  0.00  0.00  0.00
  0.00  0.00  0.00  0.00  0.00  0.00  0.00  0.00  0.00  0.00  0.00  0.00 -1.00  0.00  0.00  0.00  0.00 -1.00  1.00  0.00  0.00  0.00  0.00  1.00  0.00  0.00  0.00  0.00  0.00  0.00  0.00  0.00  0.00  8.00  0.00  0.00
  0.00  0.00  0.00  0.00  0.00  0.00  1.00  0.00  0.00  0.00  0.00 -1.00  0.00  0.00  0.00  0.00  0.00  0.00  0.00  0.00  0.00  0.00  0.00  0.00 -1.00  0.00  0.00  0.00  0.00  1.00  0.00  0.00  0.00  0.00 12.00  0.00
  0.00  0.00  0.00  0.00  0.00  0.00  0.00  1.00  0.00  0.00 -1.00  0.00  0.00  0.00  1.00 -1.00  0.00  0.00  0.00  0.00 -1.00  1.00  0.00  0.00  0.00 -1.00  0.00  0.00  1.00  0.00  0.00  0.00  0.00  0.00  0.00 12.00

---------------------------------------------------------

---- DIAGONALIZATION OF THE HAMILTONIAN [K] MATRIX ------

- Ground-State K-Space Energy [Eo] =  -5.6568542495
  [Degeneracy:  1]

- Ground-State K-Space Wave Function [CI Expansion]
  [Non-zero-amplitude Determinants]
  [I] [Iup,Idown] C x { |Spin-Up| (x) |Spin-Down| }

[   1] [  1,  1]   -0.68627   | 1100 | (x) | 1100 |
[   6] [  1,  6]    0.06440   | 1100 | (x) | 0011 |
[   8] [  2,  2]    0.68627   | 1010 | (x) | 1010 |
[  11] [  2,  5]   -0.06440   | 1010 | (x) | 0101 |
[  16] [  3,  4]   -0.12879   | 1001 | (x) | 0110 |
[  21] [  4,  3]   -0.12879   | 0110 | (x) | 1001 |
[  26] [  5,  2]   -0.06440   | 0101 | (x) | 1010 |
[  29] [  5,  5]    0.06440   | 0101 | (x) | 0101 |
[  31] [  6,  1]    0.06440   | 0011 | (x) | 1100 |
[  36] [  6,  6]   -0.06440   | 0011 | (x) | 0011 |

  Total number of non-zero-amplitude Determinants :  10

- Ground-State K-Space Wave Function [CI Expansion]
  [Zero-amplitude Determinants]
  [I] [Iup,Idown] C x { |Spin-Up| (x) |Spin-Down| }

[   2] [  1,  2]   -0.00000   | 1100 | (x) | 1010 |
[   3] [  1,  3]   -0.00000   | 1100 | (x) | 1001 |
[   4] [  1,  4]    0.00000   | 1100 | (x) | 0110 |
[   5] [  1,  5]    0.00000   | 1100 | (x) | 0101 |
[   7] [  2,  1]    0.00000   | 1010 | (x) | 1100 |
[   9] [  2,  3]    0.00000   | 1010 | (x) | 1001 |
[  10] [  2,  4]    0.00000   | 1010 | (x) | 0110 |
[  12] [  2,  6]   -0.00000   | 1010 | (x) | 0011 |
[  13] [  3,  1]    0.00000   | 1001 | (x) | 1100 |
[  14] [  3,  2]   -0.00000   | 1001 | (x) | 1010 |
[  15] [  3,  3]   -0.00000   | 1001 | (x) | 1001 |
[  17] [  3,  5]   -0.00000   | 1001 | (x) | 0101 |
[  18] [  3,  6]    0.00000   | 1001 | (x) | 0011 |
[  19] [  4,  1]   -0.00000   | 0110 | (x) | 1100 |
[  20] [  4,  2]   -0.00000   | 0110 | (x) | 1010 |
[  22] [  4,  4]   -0.00000   | 0110 | (x) | 0110 |
[  23] [  4,  5]   -0.00000   | 0110 | (x) | 0101 |
[  24] [  4,  6]   -0.00000   | 0110 | (x) | 0011 |
[  25] [  5,  1]   -0.00000   | 0101 | (x) | 1100 |
[  27] [  5,  3]    0.00000   | 0101 | (x) | 1001 |
[  28] [  5,  4]   -0.00000   | 0101 | (x) | 0110 |
[  30] [  5,  6]    0.00000   | 0101 | (x) | 0011 |
[  32] [  6,  2]   -0.00000   | 0011 | (x) | 1010 |
[  33] [  6,  3]    0.00000   | 0011 | (x) | 1001 |
[  34] [  6,  4]    0.00000   | 0011 | (x) | 0110 |
[  35] [  6,  5]   -0.00000   | 0011 | (x) | 0101 |

  Total number of zero-amplitude Determinants (nodes):  26

---------------------------------------------------------

---------------------------------------------------------

---- FIXED-NODE APPROXIMATION CALCULATIONS --------------

- P/Q RELAXATION [NO]

---------------------------------------------------------

---- (CI EXPANSION) TRIAL WAVE FUNCTION [K-SPACE] -------

- Type of Coefficients : [EXACT]

  [K] [Kup,Kdown] C x { |Spin-Up| (x) |Spin-Down| }

[   1] [  1,  1]   -0.68627   | 1100 | (x) | 1100 |

---- REAL-SPACE SIGN-FLIP (VIOLATING) MATRIX ------------

     0.00     0.00 0.10E+16 0.10E+16     0.00     0.00     0.00     0.00     0.00     0.00     0.00     0.00 0.10E+16     0.00     0.00     0.00     0.00     0.00 0.10E+16     0.00     0.00     0.00     0.00     0.00     0.00     0.00     0.00     0.00     0.00     0.00     0.00     0.00     0.00     0.00     0.00     0.00
     0.00     0.00 0.10E+16 0.10E+16     0.00     0.00     0.00     0.00     0.00     0.00     0.00     0.00     0.00 0.10E+16     0.00     0.00     0.00     0.00     0.00 0.10E+16     0.00     0.00     0.00     0.00     0.00     0.00     0.00     0.00     0.00     0.00     0.00     0.00     0.00     0.00     0.00     0.00
 0.10E+16 0.10E+16     0.00     0.00 0.10E+16 0.10E+16     0.00     0.00     0.00     0.00     0.00     0.00     0.00     0.00 0.10E+16     0.00     0.00     0.00     0.00     0.00 0.10E+16     0.00     0.00     0.00     0.00     0.00     0.00     0.00     0.00     0.00     0.00     0.00     0.00     0.00     0.00     0.00
 0.10E+16 0.10E+16     0.00     0.00 0.10E+16 0.10E+16     0.00     0.00     0.00     0.00     0.00     0.00     0.00     0.00     0.00 0.10E+16     0.00     0.00     0.00     0.00     0.00 0.10E+16     0.00     0.00     0.00     0.00     0.00     0.00     0.00     0.00     0.00     0.00     0.00     0.00     0.00     0.00
     0.00     0.00 0.10E+16 0.10E+16     0.00     0.00     0.00     0.00     0.00     0.00     0.00     0.00     0.00     0.00     0.00     0.00 0.10E+16     0.00     0.00     0.00     0.00     0.00 0.10E+16     0.00     0.00     0.00     0.00     0.00     0.00     0.00     0.00     0.00     0.00     0.00     0.00     0.00
     0.00     0.00 0.10E+16 0.10E+16     0.00     0.00     0.00     0.00     0.00     0.00     0.00     0.00     0.00     0.00     0.00     0.00     0.00 0.10E+16     0.00     0.00     0.00     0.00     0.00 0.10E+16     0.00     0.00     0.00     0.00     0.00     0.00     0.00     0.00     0.00     0.00     0.00     0.00
     0.00     0.00     0.00     0.00     0.00     0.00     0.00     0.00 0.10E+16 0.10E+16     0.00     0.00 0.10E+16     0.00     0.00     0.00     0.00     0.00 0.10E+16     0.00     0.00     0.00     0.00     0.00     0.00     0.00     0.00     0.00     0.00     0.00     0.00     0.00     0.00     0.00     0.00     0.00
     0.00     0.00     0.00     0.00     0.00     0.00     0.00     0.00    -2.00    -2.00     0.00     0.00     0.00    -2.00     0.00     0.00     0.00     0.00     0.00    -2.00     0.00     0.00     0.00     0.00     0.00     0.00     0.00     0.00     0.00     0.00     0.00     0.00     0.00     0.00     0.00     0.00
     0.00     0.00     0.00     0.00     0.00     0.00     0.00    -2.00     0.00     0.00    -2.00     0.00     0.00     0.00    -2.00     0.00     0.00     0.00     0.00     0.00    -2.00     0.00     0.00     0.00     0.00     0.00     0.00     0.00     0.00     0.00     0.00     0.00     0.00     0.00     0.00     0.00
     0.00     0.00     0.00     0.00     0.00     0.00    -0.00    -2.00     0.00     0.00    -2.00    -0.00     0.00     0.00     0.00    -2.00     0.00     0.00     0.00     0.00     0.00    -2.00     0.00     0.00     0.00     0.00     0.00     0.00     0.00     0.00     0.00     0.00     0.00     0.00     0.00     0.00
     0.00     0.00     0.00     0.00     0.00     0.00     0.00     0.00    -2.00    -2.00     0.00     0.00     0.00     0.00     0.00     0.00    -2.00     0.00     0.00     0.00     0.00     0.00    -2.00     0.00     0.00     0.00     0.00     0.00     0.00     0.00     0.00     0.00     0.00     0.00     0.00     0.00
     0.00     0.00     0.00     0.00     0.00     0.00     0.00     0.00 0.10E+16 0.10E+16     0.00     0.00     0.00     0.00     0.00     0.00     0.00 0.10E+16     0.00     0.00     0.00     0.00     0.00 0.10E+16     0.00     0.00     0.00     0.00     0.00     0.00     0.00     0.00     0.00     0.00     0.00     0.00
 0.10E+16     0.00     0.00     0.00     0.00     0.00 0.10E+16     0.00     0.00     0.00     0.00     0.00     0.00     0.00 0.10E+16 0.10E+16     0.00     0.00     0.00     0.00     0.00     0.00     0.00     0.00 0.10E+16     0.00     0.00     0.00     0.00     0.00 0.10E+16     0.00     0.00     0.00     0.00     0.00
     0.00     0.00     0.00     0.00     0.00     0.00     0.00    -2.00     0.00     0.00     0.00     0.00     0.00     0.00    -2.00    -2.00     0.00     0.00     0.00     0.00     0.00     0.00     0.00     0.00     0.00    -2.00     0.00     0.00     0.00     0.00     0.00     0.00     0.00     0.00     0.00     0.00
     0.00     0.00     0.00     0.00     0.00     0.00     0.00     0.00    -2.00     0.00     0.00     0.00     0.00    -2.00     0.00     0.00    -2.00     0.00     0.00     0.00     0.00     0.00     0.00     0.00     0.00     0.00    -2.00     0.00     0.00     0.00     0.00     0.00     0.00     0.00     0.00     0.00
     0.00     0.00     0.00     0.00     0.00     0.00     0.00     0.00     0.00    -2.00     0.00     0.00    -0.00    -2.00     0.00     0.00    -2.00    -0.00     0.00     0.00     0.00     0.00     0.00     0.00     0.00     0.00     0.00    -2.00     0.00     0.00     0.00     0.00     0.00     0.00     0.00     0.00
     0.00     0.00     0.00     0.00     0.00     0.00     0.00     0.00     0.00     0.00    -2.00     0.00     0.00     0.00    -2.00    -2.00     0.00     0.00     0.00     0.00     0.00     0.00     0.00     0.00     0.00     0.00     0.00     0.00    -2.00     0.00     0.00     0.00     0.00     0.00     0.00     0.00
     0.00     0.00     0.00     0.00     0.00 0.10E+16     0.00     0.00     0.00     0.00     0.00 0.10E+16     0.00     0.00 0.10E+16 0.10E+16     0.00     0.00     0.00     0.00     0.00     0.00     0.00     0.00     0.00     0.00     0.00     0.00     0.00 0.10E+16     0.00     0.00     0.00     0.00     0.00 0.10E+16
 0.10E+16     0.00     0.00     0.00     0.00     0.00 0.10E+16     0.00     0.00     0.00     0.00     0.00     0.00     0.00     0.00     0.00     0.00     0.00     0.00     0.00 0.10E+16 0.10E+16     0.00     0.00 0.10E+16     0.00     0.00     0.00     0.00     0.00 0.10E+16     0.00     0.00     0.00     0.00     0.00
     0.00    -0.00     0.00     0.00     0.00     0.00     0.00    -2.00     0.00     0.00     0.00     0.00     0.00     0.00     0.00     0.00     0.00     0.00     0.00     0.00    -2.00    -2.00     0.00     0.00     0.00    -2.00     0.00     0.00     0.00     0.00     0.00    -0.00     0.00     0.00     0.00     0.00
     0.00     0.00    -0.00     0.00     0.00     0.00     0.00     0.00    -2.00     0.00     0.00     0.00     0.00     0.00     0.00     0.00     0.00     0.00     0.00    -2.00     0.00     0.00    -2.00     0.00     0.00     0.00    -2.00     0.00     0.00     0.00     0.00     0.00    -0.00     0.00     0.00     0.00
     0.00     0.00     0.00    -0.00     0.00     0.00     0.00     0.00     0.00    -2.00     0.00     0.00     0.00     0.00     0.00     0.00     0.00     0.00    -0.00    -2.00     0.00     0.00    -2.00    -0.00     0.00     0.00     0.00    -2.00     0.00     0.00     0.00     0.00     0.00    -0.00     0.00     0.00
     0.00     0.00     0.00     0.00    -0.00     0.00     0.00     0.00     0.00     0.00    -2.00     0.00     0.00     0.00     0.00     0.00     0.00     0.00     0.00     0.00    -2.00    -2.00     0.00     0.00     0.00     0.00     0.00     0.00    -2.00     0.00     0.00     0.00     0.00     0.00    -0.00     0.00
     0.00     0.00     0.00     0.00     0.00 0.10E+16     0.00     0.00     0.00     0.00     0.00 0.10E+16     0.00     0.00     0.00     0.00     0.00     0.00     0.00     0.00 0.10E+16 0.10E+16     0.00     0.00     0.00     0.00     0.00     0.00     0.00 0.10E+16     0.00     0.00     0.00     0.00     0.00 0.10E+16
     0.00     0.00     0.00     0.00     0.00     0.00     0.00     0.00     0.00     0.00     0.00     0.00 0.10E+16     0.00     0.00     0.00     0.00     0.00 0.10E+16     0.00     0.00     0.00     0.00     0.00     0.00     0.00 0.10E+16 0.10E+16     0.00     0.00     0.00     0.00     0.00     0.00     0.00     0.00
     0.00     0.00     0.00     0.00     0.00     0.00     0.00     0.00     0.00     0.00     0.00     0.00     0.00    -2.00     0.00     0.00     0.00     0.00     0.00    -2.00     0.00     0.00     0.00     0.00     0.00     0.00    -2.00    -2.00     0.00     0.00     0.00     0.00     0.00     0.00     0.00     0.00
     0.00     0.00     0.00     0.00     0.00     0.00     0.00     0.00     0.00     0.00     0.00     0.00     0.00     0.00    -2.00     0.00     0.00     0.00     0.00     0.00    -2.00     0.00     0.00     0.00     0.00    -2.00     0.00     0.00    -2.00     0.00     0.00     0.00     0.00     0.00     0.00     0.00
     0.00     0.00     0.00     0.00     0.00     0.00     0.00     0.00     0.00     0.00     0.00     0.00     0.00     0.00     0.00    -2.00     0.00     0.00     0.00     0.00     0.00    -2.00     0.00     0.00    -0.00    -2.00     0.00     0.00    -2.00    -0.00     0.00     0.00     0.00     0.00     0.00     0.00
     0.00     0.00     0.00     0.00     0.00     0.00     0.00     0.00     0.00     0.00     0.00     0.00     0.00     0.00     0.00     0.00    -2.00     0.00     0.00     0.00     0.00     0.00    -2.00     0.00     0.00     0.00    -2.00    -2.00     0.00     0.00     0.00     0.00     0.00     0.00     0.00     0.00
     0.00     0.00     0.00     0.00     0.00     0.00     0.00     0.00     0.00     0.00     0.00     0.00     0.00     0.00     0.00     0.00     0.00 0.10E+16     0.00     0.00     0.00     0.00     0.00 0.10E+16     0.00     0.00 0.10E+16 0.10E+16     0.00     0.00     0.00     0.00     0.00     0.00     0.00     0.00
     0.00     0.00     0.00     0.00     0.00     0.00     0.00     0.00     0.00     0.00     0.00     0.00 0.10E+16     0.00     0.00     0.00     0.00     0.00 0.10E+16     0.00     0.00     0.00     0.00     0.00     0.00     0.00     0.00     0.00     0.00     0.00     0.00     0.00 0.10E+16 0.10E+16     0.00     0.00
     0.00     0.00     0.00     0.00     0.00     0.00     0.00     0.00     0.00     0.00     0.00     0.00     0.00 0.10E+16     0.00     0.00     0.00     0.00     0.00 0.10E+16     0.00     0.00     0.00     0.00     0.00     0.00     0.00     0.00     0.00     0.00     0.00     0.00 0.10E+16 0.10E+16     0.00     0.00
     0.00     0.00     0.00     0.00     0.00     0.00     0.00     0.00     0.00     0.00     0.00     0.00     0.00     0.00 0.10E+16     0.00     0.00     0.00     0.00     0.00 0.10E+16     0.00     0.00     0.00     0.00     0.00     0.00     0.00     0.00     0.00 0.10E+16 0.10E+16     0.00     0.00 0.10E+16 0.10E+16
     0.00     0.00     0.00     0.00     0.00     0.00     0.00     0.00     0.00     0.00     0.00     0.00     0.00     0.00     0.00 0.10E+16     0.00     0.00     0.00     0.00     0.00 0.10E+16     0.00     0.00     0.00     0.00     0.00     0.00     0.00     0.00 0.10E+16 0.10E+16     0.00     0.00 0.10E+16 0.10E+16
     0.00     0.00     0.00     0.00     0.00     0.00     0.00     0.00     0.00     0.00     0.00     0.00     0.00     0.00     0.00     0.00 0.10E+16     0.00     0.00     0.00     0.00     0.00 0.10E+16     0.00     0.00     0.00     0.00     0.00     0.00     0.00     0.00     0.00 0.10E+16 0.10E+16     0.00     0.00
     0.00     0.00     0.00     0.00     0.00     0.00     0.00     0.00     0.00     0.00     0.00     0.00     0.00     0.00     0.00     0.00     0.00 0.10E+16     0.00     0.00     0.00     0.00     0.00 0.10E+16     0.00     0.00     0.00     0.00     0.00     0.00     0.00     0.00 0.10E+16 0.10E+16     0.00     0.00

---------------------------------------------------------

---- FIXED-NODE APP. TRUNCATED EFFECTIVE HAMILTONIAN ----

     8.00    -2.00    -2.00     0.00    -2.00     0.00     0.00     0.00    -2.00     0.00     0.00     0.00     0.00     0.00     0.00     0.00
    -2.00     4.00     0.00    -2.00     0.00    -2.00     0.00     0.00     0.00    -2.00     0.00     0.00     0.00     0.00     0.00     0.00
    -2.00     0.00     4.00    -2.00     0.00     0.00    -2.00     0.00     0.00     0.00    -2.00     0.00     0.00     0.00     0.00     0.00
     0.00    -2.00    -2.00     0.00     0.00     0.00     0.00    -2.00     0.00     0.00     0.00    -2.00     0.00     0.00     0.00     0.00
    -2.00     0.00     0.00     0.00     4.00    -2.00    -2.00     0.00     0.00     0.00     0.00     0.00    -2.00     0.00     0.00     0.00
     0.00    -2.00     0.00     0.00    -2.00     8.00     0.00    -2.00     0.00     0.00     0.00     0.00     0.00    -2.00     0.00     0.00
     0.00     0.00    -2.00     0.00    -2.00     0.00     0.00    -2.00     0.00     0.00     0.00     0.00     0.00     0.00    -2.00     0.00
     0.00     0.00     0.00    -2.00     0.00    -2.00    -2.00     4.00     0.00     0.00     0.00     0.00     0.00     0.00     0.00    -2.00
    -2.00     0.00     0.00     0.00     0.00     0.00     0.00     0.00     4.00    -2.00    -2.00     0.00    -2.00     0.00     0.00     0.00
     0.00    -2.00     0.00     0.00     0.00     0.00     0.00     0.00    -2.00     0.00     0.00    -2.00     0.00    -2.00     0.00     0.00
     0.00     0.00    -2.00     0.00     0.00     0.00     0.00     0.00    -2.00     0.00     8.00    -2.00     0.00     0.00    -2.00     0.00
     0.00     0.00     0.00    -2.00     0.00     0.00     0.00     0.00     0.00    -2.00    -2.00     4.00     0.00     0.00     0.00    -2.00
     0.00     0.00     0.00     0.00    -2.00     0.00     0.00     0.00    -2.00     0.00     0.00     0.00     0.00    -2.00    -2.00     0.00
     0.00     0.00     0.00     0.00     0.00    -2.00     0.00     0.00     0.00    -2.00     0.00     0.00    -2.00     4.00     0.00    -2.00
     0.00     0.00     0.00     0.00     0.00     0.00    -2.00     0.00     0.00     0.00    -2.00     0.00    -2.00     0.00     4.00    -2.00
     0.00     0.00     0.00     0.00     0.00     0.00     0.00    -2.00     0.00     0.00     0.00    -2.00     0.00    -2.00    -2.00     8.00

---------------------------------------------------------

---- DIAGONALIZATION OF THE FNA EFF. HAMILTONIAN MAT. ---

- Trial Wave Function Energy          [ET] =  -4.0000000000

- Fixed-Node App. GS Energy           [Eo] =   -0.49443E+01
  [Degeneracy:    1]

- Total Spin (GS) Fixed-Node App.    [S^2] =  -0.0000000000

- Ground-State   FNA   Wave Function [CI Expansion]
  [Non-zero-amplitude Determinants]
  [I] [Iup,Idown] C x { |Spin-Up| (x) |Spin-Down| }

[   8] [  2,  2]    0.13820   | 1010 | (x) | 1010 |
[   9] [  2,  3]    0.22361   | 1010 | (x) | 1001 |
[  10] [  2,  4]    0.22361   | 1010 | (x) | 0110 |
[  11] [  2,  5]    0.36180   | 1010 | (x) | 0101 |
[  14] [  3,  2]    0.22361   | 1001 | (x) | 1010 |
[  15] [  3,  3]    0.13820   | 1001 | (x) | 1001 |
[  16] [  3,  4]    0.36180   | 1001 | (x) | 0110 |
[  17] [  3,  5]    0.22361   | 1001 | (x) | 0101 |
[  20] [  4,  2]    0.22361   | 0110 | (x) | 1010 |
[  21] [  4,  3]    0.36180   | 0110 | (x) | 1001 |
[  22] [  4,  4]    0.13820   | 0110 | (x) | 0110 |
[  23] [  4,  5]    0.22361   | 0110 | (x) | 0101 |
[  26] [  5,  2]    0.36180   | 0101 | (x) | 1010 |
[  27] [  5,  3]    0.22361   | 0101 | (x) | 1001 |
[  28] [  5,  4]    0.22361   | 0101 | (x) | 0110 |
[  29] [  5,  5]    0.13820   | 0101 | (x) | 0101 |

  Total number of non-zero-amplitude Determinants :  16

- Ground-State   FNA   Wave Function [CI Expansion]
  [Zero-amplitude Determinants]
  [I] [Iup,Idown] C x { |Spin-Up| (x) |Spin-Down| }

[   1] [  1,  1]    0.00000   | 1100 | (x) | 1100 |
[   2] [  1,  2]    0.00000   | 1100 | (x) | 1010 |
[   3] [  1,  3]    0.00000   | 1100 | (x) | 1001 |
[   4] [  1,  4]    0.00000   | 1100 | (x) | 0110 |
[   5] [  1,  5]    0.00000   | 1100 | (x) | 0101 |
[   6] [  1,  6]    0.00000   | 1100 | (x) | 0011 |
[   7] [  2,  1]    0.00000   | 1010 | (x) | 1100 |
[  12] [  2,  6]    0.00000   | 1010 | (x) | 0011 |
[  13] [  3,  1]    0.00000   | 1001 | (x) | 1100 |
[  18] [  3,  6]    0.00000   | 1001 | (x) | 0011 |
[  19] [  4,  1]    0.00000   | 0110 | (x) | 1100 |
[  24] [  4,  6]    0.00000   | 0110 | (x) | 0011 |
[  25] [  5,  1]    0.00000   | 0101 | (x) | 1100 |
[  30] [  5,  6]    0.00000   | 0101 | (x) | 0011 |
[  31] [  6,  1]    0.00000   | 0011 | (x) | 1100 |
[  32] [  6,  2]    0.00000   | 0011 | (x) | 1010 |
[  33] [  6,  3]    0.00000   | 0011 | (x) | 1001 |
[  34] [  6,  4]    0.00000   | 0011 | (x) | 0110 |
[  35] [  6,  5]    0.00000   | 0011 | (x) | 0101 |
[  36] [  6,  6]    0.00000   | 0011 | (x) | 0011 |

  Total number of zero-amplitude Determinants (nodes):  20

---------------------------------------------------------

-- ESTIMATION OF THE FNA SIGN-PROBLEM BY CI-VEC. NORM ---

- ||DC||2 [FNA-GS] =   0.0000000000

---------------------------------------------------------
--- DIAGONALIZATION OF THE STOQ. TR. FNA-HAM. MATRIX ----
---------------------------------------------------------

---------------------------------------------------------

---- DIAGONALIZATION OF THE STOQ. HAMILTONIAN MATRIX ----

- Ground-State Stoquastized Energy [Eo] =  -4.9442719100

- Stoquastized Gap [DEstoq.]            =  -0.0000000000

- Total Spin (GS) Stoquastized    [S^2] =   0.0000000000

- Ground-State Stoquastized Wave Function [CI Expansion]
  [Non-zero-amplitude Determinants]
  [I] [Iup,Idown] C x { |Spin-Up| (x) |Spin-Down| }

[   1] [  1,  1]    0.13820   | 1100 | (x) | 1100 |
[   2] [  1,  2]    0.22361   | 1100 | (x) | 1010 |
[   3] [  1,  3]    0.22361   | 1100 | (x) | 1001 |
[   4] [  1,  4]    0.36180   | 1100 | (x) | 0110 |
[   5] [  1,  5]    0.22361   | 1100 | (x) | 0101 |
[   6] [  1,  6]    0.13820   | 1100 | (x) | 0011 |
[   7] [  2,  1]    0.36180   | 1010 | (x) | 1100 |
[   8] [  2,  2]    0.22361   | 1010 | (x) | 1010 |
[   9] [  2,  3]    0.22361   | 1010 | (x) | 1001 |
[  10] [  2,  4]    0.36180   | 1010 | (x) | 0110 |
[  11] [  2,  5]    0.13820   | 1010 | (x) | 0101 |
[  12] [  2,  6]    0.22361   | 1010 | (x) | 0011 |
[  13] [  3,  1]    0.36180   | 1001 | (x) | 1100 |
[  14] [  3,  2]    0.22361   | 1001 | (x) | 1010 |
[  15] [  3,  3]    0.22361   | 1001 | (x) | 1001 |
[  16] [  3,  4]    0.13820   | 1001 | (x) | 0110 |
[  18] [  3,  6]    0.23859   | 1001 | (x) | 0011 |
[  19] [  4,  1]   -0.11033   | 0110 | (x) | 1100 |
[  20] [  4,  2]    0.20753   | 0110 | (x) | 1010 |
[  21] [  4,  3]   -0.23859   | 0110 | (x) | 1001 |
[  23] [  4,  5]   -0.56456   | 0110 | (x) | 0101 |
[  24] [  4,  6]   -0.11033   | 0110 | (x) | 0011 |
[  25] [  5,  1]    0.11033   | 0101 | (x) | 1100 |
[  26] [  5,  2]    0.56456   | 0101 | (x) | 1010 |
[  28] [  5,  4]    0.23859   | 0101 | (x) | 0110 |
[  29] [  5,  5]   -0.20753   | 0101 | (x) | 0101 |
[  30] [  5,  6]    0.11033   | 0101 | (x) | 0011 |
[  31] [  6,  1]   -0.23859   | 0011 | (x) | 1100 |
[  34] [  6,  4]   -0.11033   | 0011 | (x) | 0110 |
[  35] [  6,  5]   -0.23859   | 0011 | (x) | 0101 |
[  36] [  6,  6]   -0.56456   | 0011 | (x) | 0011 |

  Total number of non-zero-amplitude Determinants :  31

- Ground-State Stoquastized Wave Function [CI Expansion]
  [Zero-amplitude Determinants]
  [I] [Iup,Idown] C x { |Spin-Up| (x) |Spin-Down| }

[  17] [  3,  5]   -0.00000   | 1001 | (x) | 0101 |
[  22] [  4,  4]    0.00000   | 0110 | (x) | 0110 |
[  27] [  5,  3]   -0.00000   | 0101 | (x) | 1001 |
[  32] [  6,  2]    0.00000   | 0011 | (x) | 1010 |
[  33] [  6,  3]    0.00000   | 0011 | (x) | 1001 |

  Total number of zero-amplitude Determinants (nodes):   5
