 ---- SPRECTRUM OF THE HAMILTONIAN ----

E[  0] =          -5.65685425
E[  1] =          -5.37169233
E[  2] =          -4.00000000
E[  3] =          -3.25442601
E[  4] =          -2.47213595
E[  5] =          -2.47213595
E[  6] =          -0.00000000
E[  7] =           0.00000000
E[  8] =           0.00000000
E[  9] =           0.00000000
E[ 10] =           0.00000000
E[ 11] =           1.52786405
E[ 12] =           1.52786405
E[ 13] =           2.11726632
E[ 14] =           2.34314575
E[ 15] =           4.00000000
E[ 16] =           4.00000000
E[ 17] =           4.00000000
E[ 18] =           4.00000000
E[ 19] =           4.00000000
E[ 20] =           4.00000000
E[ 21] =           5.65685425
E[ 22] =           5.88273368
E[ 23] =           6.47213595
E[ 24] =           6.47213595
E[ 25] =           8.00000000
E[ 26] =           8.00000000
E[ 27] =           8.00000000
E[ 28] =           8.00000000
E[ 29] =           8.00000000
E[ 30] =          10.47213595
E[ 31] =          10.47213595
E[ 32] =          11.25442601
E[ 33] =          12.00000000
E[ 34] =          13.37169233
E[ 35] =          13.65685425
