 # [1] Det. INDEX | [2] Up-Spin Det. INDEX | [3] Down-Spin Det. INDEX | [4] Vsf[TR]              | [5] Vsf[FCI].


                 1                        1                          1      100000.00000000            0.00000000
                 2                        1                          2      100000.00000000       100000.00000000
                 3                        1                          3      100000.00000000            0.00000000
                 4                        1                          4      100000.00000000            0.00000000
                 5                        1                          5      100000.00000000       100000.00000000
                 6                        1                          6      100000.00000000            0.00000000
                 7                        2                          1      100000.00000000       100000.00000000
                 8                        2                          2           0.00000000            0.00000000
                 9                        2                          3           0.00000000            0.00000000
                10                        2                          4           0.00000000            0.00000000
                11                        2                          5           0.00000000            0.00000000
                12                        2                          6      100000.00000000       100000.00000000
                13                        3                          1      100000.00000000            0.00000000
                14                        3                          2           0.00000000            0.00000000
                15                        3                          3           0.00000000       100000.00000000
                16                        3                          4           0.00000000            0.00000000
                17                        3                          5           0.00000000            0.00000000
                18                        3                          6      100000.00000000            0.00000000
                19                        4                          1      100000.00000000            0.00000000
                20                        4                          2           0.00000000            0.00000000
                21                        4                          3           0.00000000            0.00000000
                22                        4                          4           0.00000000       100000.00000000
                23                        4                          5           0.00000000            0.00000000
                24                        4                          6      100000.00000000            0.00000000
                25                        5                          1      100000.00000000       100000.00000000
                26                        5                          2           0.00000000            0.00000000
                27                        5                          3           0.00000000            0.00000000
                28                        5                          4           0.00000000            0.00000000
                29                        5                          5           0.00000000            0.00000000
                30                        5                          6      100000.00000000       100000.00000000
                31                        6                          1      100000.00000000            0.00000000
                32                        6                          2      100000.00000000       100000.00000000
                33                        6                          3      100000.00000000            0.00000000
                34                        6                          4      100000.00000000            0.00000000
                35                        6                          5      100000.00000000       100000.00000000
                36                        6                          6      100000.00000000            0.00000000
